#
# A fatal error has been detected by the Java Runtime Environment:
#
#  EXCEPTION_ACCESS_VIOLATION (0xc0000005) at pc=0x00000000578a14d2, pid=15344, tid=9488
#
# JRE version: Java(TM) SE Runtime Environment (8.0_31-b13) (build 1.8.0_31-b13)
# Java VM: Java HotSpot(TM) 64-Bit Server VM (25.31-b07 mixed mode windows-amd64 compressed oops)
# Problematic frame:
# V  [jvm.dll+0xa14d2]
#
# Failed to write core dump. Minidumps are not enabled by default on client versions of Windows
#
# If you would like to submit a bug report, please visit:
#   http://bugreport.java.com/bugreport/crash.jsp
#

---------------  T H R E A D  ---------------

Current thread (0x000000000225c800):  GCTaskThread [stack: 0x0000000012100000,0x0000000012200000] [id=9488]

siginfo: ExceptionCode=0xc0000005, reading address 0x00000000000000e9

Registers:
RAX=0x0000000000000001, RBX=0x00000000e3cc06a8, RCX=0x00000001000459f8, RDX=0x00000000e3cc06a8
RSP=0x00000000121ff9b8, RBP=0x0000000011743381, RSI=0x0000000016f64580, RDI=0x0000000080667208
R8 =0x0000000000000000, R9 =0x00000001000459f8, R10=0x0000000000000000, R11=0x00000000e0a7e908
R12=0x0000000011743338, R13=0x0000000000000025, R14=0x0000000000000000, R15=0x00000000022532c0
RIP=0x00000000578a14d2, EFLAGS=0x0000000000010246

Top of Stack: (sp=0x00000000121ff9b8)
0x00000000121ff9b8:   0000000057bdfe42 00000000e3cc0688
0x00000000121ff9c8:   0000000000000004 0000000016f64580
0x00000000121ff9d8:   00000000e47708f0 00000000e0a793f8
0x00000000121ff9e8:   0000000000001000 0000000016f64580
0x00000000121ff9f8:   0000000057903103 0000000000000000
0x00000000121ffa08:   0000000016f64500 0000000011743338
0x00000000121ffa18:   0000000057be01d0 00000000e0a7e930
0x00000000121ffa28:   0000000011743381 0000000016f64580
0x00000000121ffa38:   0000000080667208 00000000e0a7e930
0x00000000121ffa48:   0000000057be0d85 00000000e3bebf90
0x00000000121ffa58:   0000000011743381 0000000016f64580
0x00000000121ffa68:   0000000000000005 0000000016f64580
0x00000000121ffa78:   00007ffb778faadf 0000000000000000
0x00000000121ffa88:   0000000000001000 0000000016f64580
0x00000000121ffa98:   0000000057903103 000000008052ed15
0x00000000121ffaa8:   000000008052ed15 000000008066705c 

Instructions: (pc=0x00000000578a14d2)
0x00000000578a14b2:   e2 49 8d 0c 11 49 f7 d1 48 03 c1 49 c1 e9 03 48
0x00000000578a14c2:   c1 e8 03 41 23 c1 c3 48 8b 02 48 8b d1 49 8b c9
0x00000000578a14d2:   48 ff a0 e8 00 00 00 cc cc cc cc cc cc cc 80 3d
0x00000000578a14e2:   c2 2e 73 00 00 48 8b c1 74 1b 8b 51 08 8b 0d 53 


Register to memory mapping:

RAX=0x0000000000000001 is an unknown value
RBX=0x00000000e3cc06a8 is an oop

[error occurred during error reporting (printing register info), id 0xc0000005]

Stack: [0x0000000012100000,0x0000000012200000],  sp=0x00000000121ff9b8,  free space=1022k
Native frames: (J=compiled Java code, j=interpreted, Vv=VM code, C=native code)
V  [jvm.dll+0xa14d2]


---------------  P R O C E S S  ---------------

Java Threads: ( => current thread )
  0x0000000019a0b800 JavaThread "pool-2-thread-4" [_thread_blocked, id=22608, stack(0x0000000026a00000,0x0000000026b00000)]
  0x0000000019a0f000 JavaThread "pool-2-thread-3" [_thread_blocked, id=7900, stack(0x0000000026900000,0x0000000026a00000)]
  0x0000000019a0a800 JavaThread "pool-2-thread-2" [_thread_blocked, id=24436, stack(0x0000000026800000,0x0000000026900000)]
  0x0000000019a0d800 JavaThread "pool-2-thread-1" [_thread_blocked, id=19996, stack(0x0000000026700000,0x0000000026800000)]
  0x000000001dfe7800 JavaThread "Stdin handler" [_thread_blocked, id=30332, stack(0x0000000026600000,0x0000000026700000)]
  0x000000001dfe9000 JavaThread "Daemon worker Thread 2" [_thread_blocked, id=17632, stack(0x0000000026500000,0x0000000026600000)]
  0x000000001dfee800 JavaThread "Cancel handler" [_thread_blocked, id=29212, stack(0x0000000026400000,0x0000000026500000)]
  0x000000001dfec000 JavaThread "Handler for socket connection from /127.0.0.1:52014 to /127.0.0.1:53219" [_thread_in_native, id=24960, stack(0x0000000026300000,0x0000000026400000)]
  0x000000001dfea800 JavaThread "Daemon Thread 2" [_thread_blocked, id=24540, stack(0x0000000026200000,0x0000000026300000)]
  0x000000001cbd2800 JavaThread "File lock request listener" [_thread_in_native, id=17400, stack(0x000000001edd0000,0x000000001eed0000)]
  0x0000000019926800 JavaThread "Incoming local TCP Connector on port 52014" [_thread_in_native, id=3572, stack(0x0000000019650000,0x0000000019750000)]
  0x00000000188b7000 JavaThread "Service Thread" daemon [_thread_blocked, id=24440, stack(0x0000000018c50000,0x0000000018d50000)]
  0x0000000016ff4800 JavaThread "C1 CompilerThread2" daemon [_thread_blocked, id=20412, stack(0x0000000018750000,0x0000000018850000)]
  0x0000000016fec800 JavaThread "C2 CompilerThread1" daemon [_thread_in_native, id=18344, stack(0x0000000018650000,0x0000000018750000)]
  0x0000000016fe9800 JavaThread "C2 CompilerThread0" daemon [_thread_blocked, id=2024, stack(0x0000000018550000,0x0000000018650000)]
  0x0000000016fe8000 JavaThread "Attach Listener" daemon [_thread_blocked, id=14264, stack(0x0000000018450000,0x0000000018550000)]
  0x0000000016fe7800 JavaThread "Signal Dispatcher" daemon [_thread_blocked, id=13020, stack(0x0000000018350000,0x0000000018450000)]
  0x0000000002336000 JavaThread "Finalizer" daemon [_thread_blocked, id=2964, stack(0x0000000018220000,0x0000000018320000)]
  0x000000000232d000 JavaThread "Reference Handler" daemon [_thread_blocked, id=25224, stack(0x0000000018120000,0x0000000018220000)]
  0x000000000054e800 JavaThread "main" [_thread_blocked, id=11868, stack(0x0000000000a10000,0x0000000000b10000)]

Other Threads:
  0x0000000016f66000 VMThread [stack: 0x0000000018020000,0x0000000018120000] [id=29640]
  0x00000000188cc800 WatcherThread [stack: 0x0000000018d50000,0x0000000018e50000] [id=26516]

=>0x000000000225c800 (exited) GCTaskThread [stack: 0x0000000012100000,0x0000000012200000] [id=9488]

VM state:at safepoint (normal execution)

VM Mutex/Monitor currently owned by a thread:  ([mutex/lock_event])
[0x000000000054d980] Threads_lock - owner thread: 0x0000000016f66000
[0x000000000054d080] Heap_lock - owner thread: 0x000000001dfe9000

Heap:
 PSYoungGen      total 202240K, used 202233K [0x00000000d5580000, 0x00000000e6e00000, 0x0000000100000000)
  eden space 156160K, 100% used [0x00000000d5580000,0x00000000dee00000,0x00000000dee00000)
  from space 46080K, 99% used [0x00000000e2180000,0x00000000e4e7e758,0x00000000e4e80000)
  to   space 52736K, 71% used [0x00000000dee00000,0x00000000e12d1ea0,0x00000000e2180000)
 ParOldGen       total 199168K, used 41864K [0x0000000080000000, 0x000000008c280000, 0x00000000d5580000)
  object space 199168K, 21% used [0x0000000080000000,0x00000000828e21f0,0x000000008c280000)
 Metaspace       used 75511K, capacity 77034K, committed 77184K, reserved 1116160K
  class space    used 9528K, capacity 10013K, committed 10112K, reserved 1048576K

Card table byte_map: [0x0000000011740000,0x0000000011b50000] byte_map_base: 0x0000000011340000

Marking Bits: (ParMarkBitMap*) 0x0000000057fdd4f0
 Begin Bits: [0x0000000012200000, 0x0000000014200000)
 End Bits:   [0x0000000014200000, 0x0000000016200000)

Polling page: 0x00000000001f0000

CodeCache: size=245760Kb used=46768Kb max_used=46768Kb free=198991Kb
 bounds [0x0000000002380000, 0x0000000005160000, 0x0000000011380000]
 total_blobs=12911 nmethods=12156 adapters=666
 compilation: enabled

Compilation events (10 events):
Event: 729.407 Thread 0x0000000016ff4800 14623       3       com.google.common.collect.Multimaps$CustomListMultimap::createCollection (5 bytes)
Event: 729.408 Thread 0x0000000016ff4800 nmethod 14623 0x000000000514d590 code [0x000000000514d700, 0x000000000514da88]
Event: 729.408 Thread 0x0000000016ff4800 14624       3       com.android.tools.lint.checks.ResourceCycleDetector$1::get (5 bytes)
Event: 729.408 Thread 0x0000000016ff4800 nmethod 14624 0x000000000514f650 code [0x000000000514f800, 0x000000000514fb88]
Event: 729.408 Thread 0x0000000016ff4800 14625       3       com.android.tools.lint.LintCliClient$CliConfiguration::computeSeverity (168 bytes)
Event: 729.408 Thread 0x0000000016ff4800 nmethod 14625 0x0000000005152350 code [0x0000000005152560, 0x00000000051530c8]
Event: 729.409 Thread 0x0000000016ff4800 14626       3       com.sun.org.apache.xerces.internal.parsers.DOMParser::setProperty (189 bytes)
Event: 729.410 Thread 0x0000000016ff4800 nmethod 14626 0x0000000005155910 code [0x0000000005155be0, 0x0000000005156f08]
Event: 729.420 Thread 0x0000000016ff4800 14627       3       com.android.tools.lint.checks.TranslationDetector::visitElement (618 bytes)
Event: 729.423 Thread 0x0000000016ff4800 nmethod 14627 0x0000000005157690 code [0x0000000005157e80, 0x000000000515d1c8]

GC Heap History (10 events):
Event: 722.444 GC heap after
Heap after GC invocations=17 (full 3):
 PSYoungGen      total 197120K, used 17515K [0x00000000d5580000, 0x00000000e4e00000, 0x0000000100000000)
  eden space 174592K, 0% used [0x00000000d5580000,0x00000000d5580000,0x00000000e0000000)
  from space 22528K, 77% used [0x00000000e3800000,0x00000000e491ace0,0x00000000e4e00000)
  to   space 39936K, 0% used [0x00000000e0000000,0x00000000e0000000,0x00000000e2700000)
 ParOldGen       total 199168K, used 41109K [0x0000000080000000, 0x000000008c280000, 0x00000000d5580000)
  object space 199168K, 20% used [0x0000000080000000,0x0000000082825668,0x000000008c280000)
 Metaspace       used 59428K, capacity 60732K, committed 61056K, reserved 1101824K
  class space    used 7865K, capacity 8226K, committed 8320K, reserved 1048576K
}
Event: 723.877 GC heap before
{Heap before GC invocations=18 (full 3):
 PSYoungGen      total 197120K, used 192107K [0x00000000d5580000, 0x00000000e4e00000, 0x0000000100000000)
  eden space 174592K, 100% used [0x00000000d5580000,0x00000000e0000000,0x00000000e0000000)
  from space 22528K, 77% used [0x00000000e3800000,0x00000000e491ace0,0x00000000e4e00000)
  to   space 39936K, 0% used [0x00000000e0000000,0x00000000e0000000,0x00000000e2700000)
 ParOldGen       total 199168K, used 41109K [0x0000000080000000, 0x000000008c280000, 0x00000000d5580000)
  object space 199168K, 20% used [0x0000000080000000,0x0000000082825668,0x000000008c280000)
 Metaspace       used 63331K, capacity 64842K, committed 65024K, reserved 1105920K
  class space    used 8458K, capacity 8939K, committed 8960K, reserved 1048576K
Event: 723.893 GC heap after
Heap after GC invocations=18 (full 3):
 PSYoungGen      total 201216K, used 30466K [0x00000000d5580000, 0x00000000e4f00000, 0x0000000100000000)
  eden space 170496K, 0% used [0x00000000d5580000,0x00000000d5580000,0x00000000dfc00000)
  from space 30720K, 99% used [0x00000000e0000000,0x00000000e1dc0a68,0x00000000e1e00000)
  to   space 42496K, 0% used [0x00000000e2580000,0x00000000e2580000,0x00000000e4f00000)
 ParOldGen       total 199168K, used 41117K [0x0000000080000000, 0x000000008c280000, 0x00000000d5580000)
  object space 199168K, 20% used [0x0000000080000000,0x0000000082827668,0x000000008c280000)
 Metaspace       used 63331K, capacity 64842K, committed 65024K, reserved 1105920K
  class space    used 8458K, capacity 8939K, committed 8960K, reserved 1048576K
}
Event: 725.851 GC heap before
{Heap before GC invocations=19 (full 3):
 PSYoungGen      total 201216K, used 200962K [0x00000000d5580000, 0x00000000e4f00000, 0x0000000100000000)
  eden space 170496K, 100% used [0x00000000d5580000,0x00000000dfc00000,0x00000000dfc00000)
  from space 30720K, 99% used [0x00000000e0000000,0x00000000e1dc0a68,0x00000000e1e00000)
  to   space 42496K, 0% used [0x00000000e2580000,0x00000000e2580000,0x00000000e4f00000)
 ParOldGen       total 199168K, used 41117K [0x0000000080000000, 0x000000008c280000, 0x00000000d5580000)
  object space 199168K, 20% used [0x0000000080000000,0x0000000082827668,0x000000008c280000)
 Metaspace       used 64831K, capacity 66306K, committed 66560K, reserved 1105920K
  class space    used 8644K, capacity 9103K, committed 9216K, reserved 1048576K
Event: 725.867 GC heap after
Heap after GC invocations=19 (full 3):
 PSYoungGen      total 206848K, used 29547K [0x00000000d5580000, 0x00000000e4d00000, 0x0000000100000000)
  eden space 166400K, 0% used [0x00000000d5580000,0x00000000d5580000,0x00000000df800000)
  from space 40448K, 73% used [0x00000000e2580000,0x00000000e425aeb8,0x00000000e4d00000)
  to   space 43520K, 0% used [0x00000000df800000,0x00000000df800000,0x00000000e2280000)
 ParOldGen       total 199168K, used 41117K [0x0000000080000000, 0x000000008c280000, 0x00000000d5580000)
  object space 199168K, 20% used [0x0000000080000000,0x0000000082827668,0x000000008c280000)
 Metaspace       used 64831K, capacity 66306K, committed 66560K, reserved 1105920K
  class space    used 8644K, capacity 9103K, committed 9216K, reserved 1048576K
}
Event: 727.346 GC heap before
{Heap before GC invocations=20 (full 3):
 PSYoungGen      total 206848K, used 195947K [0x00000000d5580000, 0x00000000e4d00000, 0x0000000100000000)
  eden space 166400K, 100% used [0x00000000d5580000,0x00000000df800000,0x00000000df800000)
  from space 40448K, 73% used [0x00000000e2580000,0x00000000e425aeb8,0x00000000e4d00000)
  to   space 43520K, 0% used [0x00000000df800000,0x00000000df800000,0x00000000e2280000)
 ParOldGen       total 199168K, used 41117K [0x0000000080000000, 0x000000008c280000, 0x00000000d5580000)
  object space 199168K, 20% used [0x0000000080000000,0x0000000082827668,0x000000008c280000)
 Metaspace       used 67341K, capacity 68848K, committed 69120K, reserved 1110016K
  class space    used 8922K, capacity 9397K, committed 9472K, reserved 1048576K
Event: 727.360 GC heap after
Heap after GC invocations=20 (full 3):
 PSYoungGen      total 196096K, used 33256K [0x00000000d5580000, 0x00000000e4e80000, 0x0000000100000000)
  eden space 162816K, 0% used [0x00000000d5580000,0x00000000d5580000,0x00000000df480000)
  from space 33280K, 99% used [0x00000000df800000,0x00000000e187a3c0,0x00000000e1880000)
  to   space 46080K, 0% used [0x00000000e2180000,0x00000000e2180000,0x00000000e4e80000)
 ParOldGen       total 199168K, used 41125K [0x0000000080000000, 0x000000008c280000, 0x00000000d5580000)
  object space 199168K, 20% used [0x0000000080000000,0x0000000082829668,0x000000008c280000)
 Metaspace       used 67341K, capacity 68848K, committed 69120K, reserved 1110016K
  class space    used 8922K, capacity 9397K, committed 9472K, reserved 1048576K
}
Event: 727.981 GC heap before
{Heap before GC invocations=21 (full 3):
 PSYoungGen      total 196096K, used 196072K [0x00000000d5580000, 0x00000000e4e80000, 0x0000000100000000)
  eden space 162816K, 100% used [0x00000000d5580000,0x00000000df480000,0x00000000df480000)
  from space 33280K, 99% used [0x00000000df800000,0x00000000e187a3c0,0x00000000e1880000)
  to   space 46080K, 0% used [0x00000000e2180000,0x00000000e2180000,0x00000000e4e80000)
 ParOldGen       total 199168K, used 41125K [0x0000000080000000, 0x000000008c280000, 0x00000000d5580000)
  object space 199168K, 20% used [0x0000000080000000,0x0000000082829668,0x000000008c280000)
 Metaspace       used 72099K, capacity 73674K, committed 73856K, reserved 1114112K
  class space    used 9360K, capacity 9853K, committed 9856K, reserved 1048576K
Event: 727.997 GC heap after
Heap after GC invocations=21 (full 3):
 PSYoungGen      total 202240K, used 46073K [0x00000000d5580000, 0x00000000e6e00000, 0x0000000100000000)
  eden space 156160K, 0% used [0x00000000d5580000,0x00000000d5580000,0x00000000dee00000)
  from space 46080K, 99% used [0x00000000e2180000,0x00000000e4e7e758,0x00000000e4e80000)
  to   space 52736K, 0% used [0x00000000dee00000,0x00000000dee00000,0x00000000e2180000)
 ParOldGen       total 199168K, used 41856K [0x0000000080000000, 0x000000008c280000, 0x00000000d5580000)
  object space 199168K, 21% used [0x0000000080000000,0x00000000828e01f0,0x000000008c280000)
 Metaspace       used 72099K, capacity 73674K, committed 73856K, reserved 1114112K
  class space    used 9360K, capacity 9853K, committed 9856K, reserved 1048576K
}
Event: 729.430 GC heap before
{Heap before GC invocations=22 (full 3):
 PSYoungGen      total 202240K, used 202233K [0x00000000d5580000, 0x00000000e6e00000, 0x0000000100000000)
  eden space 156160K, 100% used [0x00000000d5580000,0x00000000dee00000,0x00000000dee00000)
  from space 46080K, 99% used [0x00000000e2180000,0x00000000e4e7e758,0x00000000e4e80000)
  to   space 52736K, 0% used [0x00000000dee00000,0x00000000dee00000,0x00000000e2180000)
 ParOldGen       total 199168K, used 41856K [0x0000000080000000, 0x000000008c280000, 0x00000000d5580000)
  object space 199168K, 21% used [0x0000000080000000,0x00000000828e01f0,0x000000008c280000)
 Metaspace       used 75511K, capacity 77034K, committed 77184K, reserved 1116160K
  class space    used 9528K, capacity 10013K, committed 10112K, reserved 1048576K

Deoptimization events (10 events):
Event: 729.073 Thread 0x000000001dfe9000 Uncommon trap: reason=unloaded action=reinterpret pc=0x0000000004fe9470 method=com.android.tools.lint.EcjParser.stripTypeVariables(Ljava/lang/String;)Ljava/lang/String; @ 10
Event: 729.073 Thread 0x000000001dfe9000 Uncommon trap: reason=bimorphic action=maybe_recompile pc=0x0000000004fee2b0 method=org.eclipse.jdt.internal.compiler.lookup.ReferenceBinding.readableName()[C @ 11
Event: 729.077 Thread 0x000000001dfe9000 Uncommon trap: reason=bimorphic action=maybe_recompile pc=0x0000000004fee2b0 method=org.eclipse.jdt.internal.compiler.lookup.ReferenceBinding.readableName()[C @ 11
Event: 729.077 Thread 0x000000001dfe9000 Uncommon trap: reason=bimorphic action=maybe_recompile pc=0x0000000004fee2b0 method=org.eclipse.jdt.internal.compiler.lookup.ReferenceBinding.readableName()[C @ 11
Event: 729.090 Thread 0x000000001dfe9000 Uncommon trap: reason=bimorphic action=maybe_recompile pc=0x0000000004fee2b0 method=org.eclipse.jdt.internal.compiler.lookup.ReferenceBinding.readableName()[C @ 11
Event: 729.173 Thread 0x000000001dfe9000 Uncommon trap: reason=class_check action=maybe_recompile pc=0x00000000037527b0 method=java.util.zip.InflaterInputStream.fill()V @ 19
Event: 729.174 Thread 0x000000001dfe9000 Uncommon trap: reason=class_check action=maybe_recompile pc=0x00000000037527b0 method=java.util.zip.InflaterInputStream.fill()V @ 19
Event: 729.174 Thread 0x000000001dfe9000 Uncommon trap: reason=class_check action=maybe_recompile pc=0x00000000037527b0 method=java.util.zip.InflaterInputStream.fill()V @ 19
Event: 729.174 Thread 0x000000001dfe9000 Uncommon trap: reason=class_check action=maybe_recompile pc=0x00000000037527b0 method=java.util.zip.InflaterInputStream.fill()V @ 19
Event: 729.397 Thread 0x000000001dfe9000 Uncommon trap: reason=null_check action=make_not_entrant pc=0x0000000004f2c154 method=com.sun.org.apache.xerces.internal.dom.ElementImpl.getAttribute(Ljava/lang/String;)Ljava/lang/String; @ 32

Internal exceptions (10 events):
Event: 729.004 Thread 0x000000001dfe9000 Exception <a 'java/security/PrivilegedActionException'> (0x00000000da6c59d8) thrown at [C:\workspace\8-2-build-windows-amd64-cygwin\jdk8u31\2394\hotspot\src\share\vm\prims\jvm.cpp, line 1312]
Event: 729.016 Thread 0x000000001dfe9000 Exception <a 'java/security/PrivilegedActionException'> (0x00000000da7ce2c8) thrown at [C:\workspace\8-2-build-windows-amd64-cygwin\jdk8u31\2394\hotspot\src\share\vm\prims\jvm.cpp, line 1312]
Event: 729.094 Thread 0x000000001dfe9000 Exception <a 'java/security/PrivilegedActionException'> (0x00000000db1b5be8) thrown at [C:\workspace\8-2-build-windows-amd64-cygwin\jdk8u31\2394\hotspot\src\share\vm\prims\jvm.cpp, line 1312]
Event: 729.172 Thread 0x000000001dfe9000 Exception <a 'java/security/PrivilegedActionException'> (0x00000000dcb25b78) thrown at [C:\workspace\8-2-build-windows-amd64-cygwin\jdk8u31\2394\hotspot\src\share\vm\prims\jvm.cpp, line 1312]
Event: 729.173 Thread 0x000000001dfe9000 Exception <a 'java/security/PrivilegedActionException'> (0x00000000dcb34900) thrown at [C:\workspace\8-2-build-windows-amd64-cygwin\jdk8u31\2394\hotspot\src\share\vm\prims\jvm.cpp, line 1312]
Event: 729.205 Thread 0x000000001dfe9000 Exception <a 'java/security/PrivilegedActionException'> (0x00000000dccebde8) thrown at [C:\workspace\8-2-build-windows-amd64-cygwin\jdk8u31\2394\hotspot\src\share\vm\prims\jvm.cpp, line 1312]
Event: 729.218 Thread 0x000000001dfe9000 Exception <a 'java/security/PrivilegedActionException'> (0x00000000dcda0b10) thrown at [C:\workspace\8-2-build-windows-amd64-cygwin\jdk8u31\2394\hotspot\src\share\vm\prims\jvm.cpp, line 1312]
Event: 729.218 Thread 0x000000001dfe9000 Exception <a 'java/security/PrivilegedActionException'> (0x00000000dcda7950) thrown at [C:\workspace\8-2-build-windows-amd64-cygwin\jdk8u31\2394\hotspot\src\share\vm\prims\jvm.cpp, line 1312]
Event: 729.249 Thread 0x000000001dfe9000 Exception <a 'java/security/PrivilegedActionException'> (0x00000000dd2330d0) thrown at [C:\workspace\8-2-build-windows-amd64-cygwin\jdk8u31\2394\hotspot\src\share\vm\prims\jvm.cpp, line 1312]
Event: 729.373 Thread 0x000000001dfe9000 Exception <a 'java/security/PrivilegedActionException'> (0x00000000de1be7e0) thrown at [C:\workspace\8-2-build-windows-amd64-cygwin\jdk8u31\2394\hotspot\src\share\vm\prims\jvm.cpp, line 1312]

Events (10 events):
Event: 729.249 loading class com/android/tools/lint/client/api/OtherFileVisitor
Event: 729.249 loading class com/android/tools/lint/client/api/OtherFileVisitor done
Event: 729.306 Executing VM operation: ForceSafepoint
Event: 729.306 Executing VM operation: ForceSafepoint done
Event: 729.373 loading class com/android/utils/AsmUtils
Event: 729.373 loading class com/android/utils/AsmUtils done
Event: 729.397 Thread 0x000000001dfe9000 Uncommon trap: trap_request=0xfffffff4 fr.pc=0x0000000004f2c154
Event: 729.397 Thread 0x000000001dfe9000 DEOPT PACKING pc=0x0000000004f2c154 sp=0x00000000265fb380
Event: 729.397 Thread 0x000000001dfe9000 DEOPT UNPACKING pc=0x00000000023c556a sp=0x00000000265fb380 mode 2
Event: 729.430 Executing VM operation: ParallelGCFailedAllocation


Dynamic libraries:
0x00007ff6af1f0000 - 0x00007ff6af224000 	C:\Program Files\Java\jdk1.8.0_31\bin\java.exe
0x00007ffb7ae60000 - 0x00007ffb7b021000 	C:\WINDOWS\SYSTEM32\ntdll.dll
0x00007ffb7a1a0000 - 0x00007ffb7a24d000 	C:\WINDOWS\system32\KERNEL32.DLL
0x00007ffb778e0000 - 0x00007ffb77ac8000 	C:\WINDOWS\system32\KERNELBASE.dll
0x00007ffb7ac00000 - 0x00007ffb7aca7000 	C:\WINDOWS\system32\ADVAPI32.dll
0x00007ffb7a4f0000 - 0x00007ffb7a58d000 	C:\WINDOWS\system32\msvcrt.dll
0x00007ffb787a0000 - 0x00007ffb787fb000 	C:\WINDOWS\system32\sechost.dll
0x00007ffb7a830000 - 0x00007ffb7a94c000 	C:\WINDOWS\system32\RPCRT4.dll
0x00007ffb7a250000 - 0x00007ffb7a3a6000 	C:\WINDOWS\system32\USER32.dll
0x00007ffb78810000 - 0x00007ffb78996000 	C:\WINDOWS\system32\GDI32.dll
0x00007ffb703c0000 - 0x00007ffb70634000 	C:\WINDOWS\WinSxS\amd64_microsoft.windows.common-controls_6595b64144ccf1df_6.0.10586.0_none_8c15ae12515e1c22\COMCTL32.dll
0x00007ffb7a590000 - 0x00007ffb7a80d000 	C:\WINDOWS\system32\combase.dll
0x00007ffb77790000 - 0x00007ffb777fa000 	C:\WINDOWS\system32\bcryptPrimitives.dll
0x00007ffb789a0000 - 0x00007ffb789db000 	C:\WINDOWS\system32\IMM32.DLL
0x00000000573a0000 - 0x0000000057472000 	C:\Program Files\Java\jdk1.8.0_31\jre\bin\msvcr100.dll
0x0000000057800000 - 0x000000005805a000 	C:\Program Files\Java\jdk1.8.0_31\jre\bin\server\jvm.dll
0x00007ffb7a130000 - 0x00007ffb7a138000 	C:\WINDOWS\system32\PSAPI.DLL
0x00007ffb757c0000 - 0x00007ffb757e3000 	C:\WINDOWS\SYSTEM32\WINMM.dll
0x00007ffb65380000 - 0x00007ffb65389000 	C:\WINDOWS\SYSTEM32\WSOCK32.dll
0x00007ffb75760000 - 0x00007ffb7578c000 	C:\WINDOWS\SYSTEM32\WINMMBASE.dll
0x00007ffb789e0000 - 0x00007ffb78a4b000 	C:\WINDOWS\system32\WS2_32.dll
0x00007ffb77890000 - 0x00007ffb778d3000 	C:\WINDOWS\system32\cfgmgr32.dll
0x0000000059170000 - 0x000000005917f000 	C:\Program Files\Java\jdk1.8.0_31\jre\bin\verify.dll
0x00000000577d0000 - 0x00000000577f8000 	C:\Program Files\Java\jdk1.8.0_31\jre\bin\java.dll
0x00000000577b0000 - 0x00000000577c6000 	C:\Program Files\Java\jdk1.8.0_31\jre\bin\zip.dll
0x00007ffb78a50000 - 0x00007ffb79fac000 	C:\WINDOWS\system32\SHELL32.dll
0x00007ffb77c10000 - 0x00007ffb78254000 	C:\WINDOWS\system32\windows.storage.dll
0x00007ffb7a480000 - 0x00007ffb7a4d2000 	C:\WINDOWS\system32\shlwapi.dll
0x00007ffb77500000 - 0x00007ffb7750f000 	C:\WINDOWS\system32\kernel.appcore.dll
0x00007ffb77af0000 - 0x00007ffb77ba5000 	C:\WINDOWS\system32\shcore.dll
0x00007ffb774a0000 - 0x00007ffb774eb000 	C:\WINDOWS\system32\powrprof.dll
0x00007ffb77480000 - 0x00007ffb77494000 	C:\WINDOWS\system32\profapi.dll
0x0000000057790000 - 0x00000000577aa000 	C:\Program Files\Java\jdk1.8.0_31\jre\bin\net.dll
0x00007ffb76db0000 - 0x00007ffb76e0c000 	C:\WINDOWS\system32\mswsock.dll
0x0000000057770000 - 0x0000000057781000 	C:\Program Files\Java\jdk1.8.0_31\jre\bin\nio.dll
0x00007ffb62f10000 - 0x00007ffb62f22000 	C:\Users\Thomas\.gradle\native\19\windows-amd64\native-platform.dll
0x00007ffb73e00000 - 0x00007ffb73e38000 	C:\WINDOWS\SYSTEM32\IPHLPAPI.DLL
0x00007ffb7a4e0000 - 0x00007ffb7a4e8000 	C:\WINDOWS\system32\NSI.dll
0x00007ffb73330000 - 0x00007ffb73346000 	C:\WINDOWS\SYSTEM32\dhcpcsvc6.DLL
0x00007ffb732e0000 - 0x00007ffb732fa000 	C:\WINDOWS\SYSTEM32\dhcpcsvc.DLL
0x00007ffb76e60000 - 0x00007ffb76e77000 	C:\WINDOWS\SYSTEM32\CRYPTSP.dll
0x00007ffb76af0000 - 0x00007ffb76b24000 	C:\WINDOWS\system32\rsaenh.dll
0x00007ffb773b0000 - 0x00007ffb773d9000 	C:\WINDOWS\SYSTEM32\bcrypt.dll
0x00007ffb76c40000 - 0x00007ffb76c5f000 	C:\WINDOWS\SYSTEM32\USERENV.dll
0x00007ffb76f80000 - 0x00007ffb76f8b000 	C:\WINDOWS\SYSTEM32\CRYPTBASE.dll
0x0000000059160000 - 0x000000005916d000 	C:\Program Files\Java\jdk1.8.0_31\jre\bin\management.dll
0x00007ffb70960000 - 0x00007ffb70aec000 	C:\WINDOWS\SYSTEM32\dbghelp.dll

VM Arguments:
jvm_args: -XX:MaxPermSize=512m -XX:+HeapDumpOnOutOfMemoryError -Xmx2048m -Dfile.encoding=UTF-8 -Duser.country=US -Duser.language=en -Duser.variant 
java_command: org.gradle.launcher.daemon.bootstrap.GradleDaemon 2.10
java_class_path (initial): C:\Users\Thomas\.gradle\wrapper\dists\gradle-2.10-all\a4w5fzrkeut1ox71xslb49gst\gradle-2.10\lib\gradle-launcher-2.10.jar
Launcher Type: SUN_STANDARD

Environment Variables:
PATH=C:\ProgramData\Oracle\Java\javapath;C:\Program Files (x86)\PC Connectivity Solution\;C:\WINDOWS\system32;C:\WINDOWS;C:\WINDOWS\System32\Wbem;C:\WINDOWS\System32\WindowsPowerShell\v1.0\;C:\Program Files (x86)\ATI Technologies\ATI.ACE\Core-Static;C:\Program Files (x86)\Common Files\Teleca Shared;c:\Adb\;c:\Apk_Manager_ICS\other\;C:\Program Files\Microsoft\Web Platform Installer\;C:\Program Files (x86)\Microsoft SQL Server\100\Tools\Binn\;C:\Program Files\Microsoft SQL Server\100\Tools\Binn\;C:\Program Files\Microsoft SQL Server\100\DTS\Binn\;C:\Program Files (x86)\AMD\ATI.ACE\Core-Static;C:\Program Files (x86)\NVIDIA Corporation\PhysX\Common;C:\Program Files (x86)\Git\cmd;C:\WINDOWS\system32;C:\WINDOWS;C:\WINDOWS\System32\Wbem;C:\WINDOWS\System32\WindowsPowerShell\v1.0\;C:\Program Files (x86)\Skype\Phone\;C:\Users\Thomas\.dnx\bin;C:\Program Files\Microsoft DNX\Dnvm\
USERNAME=Thomas
OS=Windows_NT
PROCESSOR_IDENTIFIER=Intel64 Family 6 Model 58 Stepping 9, GenuineIntel



---------------  S Y S T E M  ---------------

OS: Windows 8.1 , 64 bit Build 9600 

CPU:total 4 (4 cores per cpu, 1 threads per core) family 6 model 58 stepping 9, cmov, cx8, fxsr, mmx, sse, sse2, sse3, ssse3, sse4.1, sse4.2, popcnt, avx, aes, clmul, erms, tsc, tscinvbit, tscinv

Memory: 4k page, physical 16197100k(3153692k free), swap 26996516k(3142144k free)

vm_info: Java HotSpot(TM) 64-Bit Server VM (25.31-b07) for windows-amd64 JRE (1.8.0_31-b13), built on Dec 17 2014 21:00:28 by "java_re" with MS VC++ 10.0 (VS2010)

time: Mon Jul 04 17:30:44 2016
elapsed time: 729 seconds (0d 0h 12m 9s)

